<?xml version="1.0" encoding="UTF-8"?>
<coverage generated="1722927248354" clover="3.2.0">
  <project timestamp="1722927248354" name="All files">
    <metrics statements="32" coveredstatements="32" conditionals="17" coveredconditionals="17" methods="4" coveredmethods="4" elements="53" coveredelements="53" complexity="0" loc="32" ncloc="32" packages="1" files="1" classes="1"/>
    <file name="basic.js" path="D:\Purwadhika\Git\jcwd-2904\students\module-2_front-end-development\16-testing\function-test\src\basic.js">
      <metrics statements="32" coveredstatements="32" conditionals="17" coveredconditionals="17" methods="4" coveredmethods="4"/>
      <line num="1" count="1" type="cond" truecount="1" falsecount="0"/>
      <line num="2" count="2" type="stmt"/>
      <line num="3" count="2" type="stmt"/>
      <line num="4" count="1" type="stmt"/>
      <line num="5" count="1" type="cond" truecount="1" falsecount="0"/>
      <line num="6" count="4" type="stmt"/>
      <line num="7" count="4" type="cond" truecount="1" falsecount="0"/>
      <line num="8" count="3" type="cond" truecount="1" falsecount="0"/>
      <line num="9" count="4" type="cond" truecount="1" falsecount="0"/>
      <line num="10" count="1" type="stmt"/>
      <line num="11" count="4" type="cond" truecount="2" falsecount="0"/>
      <line num="12" count="1" type="stmt"/>
      <line num="13" count="1" type="stmt"/>
      <line num="14" count="1" type="stmt"/>
      <line num="15" count="1" type="stmt"/>
      <line num="16" count="4" type="stmt"/>
      <line num="17" count="1" type="stmt"/>
      <line num="18" count="1" type="cond" truecount="1" falsecount="0"/>
      <line num="19" count="213" type="cond" truecount="1" falsecount="0"/>
      <line num="20" count="213" type="cond" truecount="3" falsecount="0"/>
      <line num="21" count="208" type="cond" truecount="1" falsecount="0"/>
      <line num="22" count="208" type="stmt"/>
      <line num="23" count="1" type="stmt"/>
      <line num="24" count="1" type="cond" truecount="1" falsecount="0"/>
      <line num="25" count="3" type="cond" truecount="1" falsecount="0"/>
      <line num="26" count="2" type="cond" truecount="1" falsecount="0"/>
      <line num="27" count="3" type="cond" truecount="1" falsecount="0"/>
      <line num="28" count="1" type="stmt"/>
      <line num="29" count="1" type="stmt"/>
      <line num="30" count="1" type="stmt"/>
      <line num="31" count="1" type="stmt"/>
      <line num="32" count="3" type="stmt"/>
    </file>
  </project>
</coverage>
