{"D:\\Purwadhika\\Git\\jcwd-2904\\students\\module-2_front-end-development\\16-testing\\function-test\\src\\basic.js": {"path":"D:\\Purwadhika\\Git\\jcwd-2904\\students\\module-2_front-end-development\\16-testing\\function-test\\src\\basic.js","all":false,"statementMap":{"0":{"start":{"line":1,"column":0},"end":{"line":1,"column":37}},"1":{"start":{"line":2,"column":0},"end":{"line":2,"column":20}},"2":{"start":{"line":3,"column":0},"end":{"line":3,"column":1}},"3":{"start":{"line":4,"column":0},"end":{"line":4,"column":0}},"4":{"start":{"line":5,"column":0},"end":{"line":5,"column":30}},"5":{"start":{"line":6,"column":0},"end":{"line":6,"column":56}},"6":{"start":{"line":7,"column":0},"end":{"line":7,"column":62}},"7":{"start":{"line":8,"column":0},"end":{"line":8,"column":0}},"8":{"start":{"line":9,"column":0},"end":{"line":9,"column":14}},"9":{"start":{"line":10,"column":0},"end":{"line":10,"column":13}},"10":{"start":{"line":11,"column":0},"end":{"line":11,"column":21}},"11":{"start":{"line":12,"column":0},"end":{"line":12,"column":13}},"12":{"start":{"line":13,"column":0},"end":{"line":13,"column":10}},"13":{"start":{"line":14,"column":0},"end":{"line":14,"column":13}},"14":{"start":{"line":15,"column":0},"end":{"line":15,"column":3}},"15":{"start":{"line":16,"column":0},"end":{"line":16,"column":1}},"16":{"start":{"line":17,"column":0},"end":{"line":17,"column":0}},"17":{"start":{"line":18,"column":0},"end":{"line":18,"column":30}},"18":{"start":{"line":19,"column":0},"end":{"line":19,"column":67}},"19":{"start":{"line":20,"column":0},"end":{"line":20,"column":35}},"20":{"start":{"line":21,"column":0},"end":{"line":21,"column":30}},"21":{"start":{"line":22,"column":0},"end":{"line":22,"column":1}},"22":{"start":{"line":23,"column":0},"end":{"line":23,"column":0}},"23":{"start":{"line":24,"column":0},"end":{"line":24,"column":28}},"24":{"start":{"line":25,"column":0},"end":{"line":25,"column":70}},"25":{"start":{"line":26,"column":0},"end":{"line":26,"column":0}},"26":{"start":{"line":27,"column":0},"end":{"line":27,"column":20}},"27":{"start":{"line":28,"column":0},"end":{"line":28,"column":18}},"28":{"start":{"line":29,"column":0},"end":{"line":29,"column":10}},"29":{"start":{"line":30,"column":0},"end":{"line":30,"column":17}},"30":{"start":{"line":31,"column":0},"end":{"line":31,"column":3}},"31":{"start":{"line":32,"column":0},"end":{"line":32,"column":1}}},"s":{"0":1,"1":2,"2":2,"3":1,"4":1,"5":4,"6":4,"7":3,"8":4,"9":1,"10":4,"11":1,"12":1,"13":1,"14":1,"15":4,"16":1,"17":1,"18":213,"19":213,"20":208,"21":208,"22":1,"23":1,"24":3,"25":2,"26":3,"27":1,"28":1,"29":1,"30":1,"31":3},"branchMap":{"0":{"type":"branch","line":1,"loc":{"start":{"line":1,"column":7},"end":{"line":3,"column":1}},"locations":[{"start":{"line":1,"column":7},"end":{"line":3,"column":1}}]},"1":{"type":"branch","line":5,"loc":{"start":{"line":5,"column":7},"end":{"line":16,"column":1}},"locations":[{"start":{"line":5,"column":7},"end":{"line":16,"column":1}}]},"2":{"type":"branch","line":7,"loc":{"start":{"line":7,"column":4},"end":{"line":7,"column":62}},"locations":[{"start":{"line":7,"column":4},"end":{"line":7,"column":62}}]},"3":{"type":"branch","line":8,"loc":{"start":{"line":8,"column":-2},"end":{"line":9,"column":13}},"locations":[{"start":{"line":8,"column":-2},"end":{"line":9,"column":13}}]},"4":{"type":"branch","line":9,"loc":{"start":{"line":9,"column":13},"end":{"line":11,"column":3}},"locations":[{"start":{"line":9,"column":13},"end":{"line":11,"column":3}}]},"5":{"type":"branch","line":11,"loc":{"start":{"line":11,"column":3},"end":{"line":15,"column":3}},"locations":[{"start":{"line":11,"column":3},"end":{"line":15,"column":3}}]},"6":{"type":"branch","line":11,"loc":{"start":{"line":11,"column":20},"end":{"line":15,"column":3}},"locations":[{"start":{"line":11,"column":20},"end":{"line":15,"column":3}}]},"7":{"type":"branch","line":18,"loc":{"start":{"line":18,"column":7},"end":{"line":22,"column":1}},"locations":[{"start":{"line":18,"column":7},"end":{"line":22,"column":1}}]},"8":{"type":"branch","line":19,"loc":{"start":{"line":19,"column":13},"end":{"line":19,"column":67}},"locations":[{"start":{"line":19,"column":13},"end":{"line":19,"column":67}}]},"9":{"type":"branch","line":20,"loc":{"start":{"line":20,"column":-2},"end":{"line":20,"column":14}},"locations":[{"start":{"line":20,"column":-2},"end":{"line":20,"column":14}}]},"10":{"type":"branch","line":20,"loc":{"start":{"line":20,"column":14},"end":{"line":20,"column":24}},"locations":[{"start":{"line":20,"column":14},"end":{"line":20,"column":24}}]},"11":{"type":"branch","line":20,"loc":{"start":{"line":20,"column":26},"end":{"line":20,"column":35}},"locations":[{"start":{"line":20,"column":26},"end":{"line":20,"column":35}}]},"12":{"type":"branch","line":21,"loc":{"start":{"line":21,"column":-2},"end":{"line":22,"column":1}},"locations":[{"start":{"line":21,"column":-2},"end":{"line":22,"column":1}}]},"13":{"type":"branch","line":24,"loc":{"start":{"line":24,"column":7},"end":{"line":32,"column":1}},"locations":[{"start":{"line":24,"column":7},"end":{"line":32,"column":1}}]},"14":{"type":"branch","line":25,"loc":{"start":{"line":25,"column":29},"end":{"line":25,"column":70}},"locations":[{"start":{"line":25,"column":29},"end":{"line":25,"column":70}}]},"15":{"type":"branch","line":26,"loc":{"start":{"line":26,"column":-2},"end":{"line":27,"column":19}},"locations":[{"start":{"line":26,"column":-2},"end":{"line":27,"column":19}}]},"16":{"type":"branch","line":27,"loc":{"start":{"line":27,"column":19},"end":{"line":31,"column":3}},"locations":[{"start":{"line":27,"column":19},"end":{"line":31,"column":3}}]}},"b":{"0":[2],"1":[4],"2":[1],"3":[3],"4":[1],"5":[2],"6":[1],"7":[213],"8":[1],"9":[212],"10":[211],"11":[4],"12":[208],"13":[3],"14":[1],"15":[2],"16":[1]},"fnMap":{"0":{"name":"sumAndPlusTen","decl":{"start":{"line":1,"column":7},"end":{"line":3,"column":1}},"loc":{"start":{"line":1,"column":7},"end":{"line":3,"column":1}},"line":1},"1":{"name":"maxNum","decl":{"start":{"line":5,"column":7},"end":{"line":16,"column":1}},"loc":{"start":{"line":5,"column":7},"end":{"line":16,"column":1}},"line":5},"2":{"name":"factorial","decl":{"start":{"line":18,"column":7},"end":{"line":22,"column":1}},"loc":{"start":{"line":18,"column":7},"end":{"line":22,"column":1}},"line":18},"3":{"name":"evenOdd","decl":{"start":{"line":24,"column":7},"end":{"line":32,"column":1}},"loc":{"start":{"line":24,"column":7},"end":{"line":32,"column":1}},"line":24}},"f":{"0":2,"1":4,"2":213,"3":3}}
}
